<?xml version="1.0" encoding="UTF-8"?>
<!-- Generated by org.testng.reporters.JUnitReportReporter -->
<testsuite hostname="LAPTOP-BHKF9L3F" failures="0" tests="3" name="com.restassured.api.HTTPrequests" time="10.609" errors="0" timestamp="2024-02-10T15:41:05 IST" skipped="0">
  <testcase classname="com.restassured.api.HTTPrequests" name="getRequest" time="5.588"/>
  <testcase classname="com.restassured.api.HTTPrequests" name="postRequest" time="2.430"/>
  <testcase classname="com.restassured.api.HTTPrequests" name="putRequest" time="2.591"/>
</testsuite> <!-- com.restassured.api.HTTPrequests -->
