<?xml version="1.0" encoding="UTF-8"?>
<!-- Generated by org.testng.reporters.JUnitReportReporter -->
<testsuite hostname="LAPTOP-BHKF9L3F" failures="0" tests="4" name="day11.HTTPrequest" time="3.780" errors="0" timestamp="2024-02-10T18:30:23 IST" skipped="0">
  <testcase classname="day11.HTTPrequest" name="getRequest" time="2.162"/>
  <testcase classname="day11.HTTPrequest" name="postRequest" time="0.729"/>
  <testcase classname="day11.HTTPrequest" name="putRequest" time="0.417"/>
  <testcase classname="day11.HTTPrequest" name="deleteRequest" time="0.472"/>
</testsuite> <!-- day11.HTTPrequest -->
