<?xml version="1.0" encoding="UTF-8"?>
<!-- Generated by org.testng.reporters.JUnitReportReporter -->
<testsuite hostname="LAPTOP-BHKF9L3F" failures="0" tests="1" name="day11.APIrequestsSample" time="1.692" errors="0" timestamp="2024-02-10T18:28:09 IST" skipped="0">
  <testcase classname="day11.APIrequestsSample" name="getUserlist" time="1.692"/>
</testsuite> <!-- day11.APIrequestsSample -->
